<?xml version="1.0" encoding="UTF-8"?>
<!-- Generated by org.testng.reporters.JUnitXMLReporter -->
<testsuite hostname="ramsunkara" ignored="2" name="Launching On firefox" tests="1" failures="1" timestamp="01 Oct 2019 07:27:59 GMT" time="114.078" errors="0">
  <testcase name="verifydoLoginTest" time="25.592" classname="com.mytests.LoginTestN">
    <failure type="java.lang.ClassCastException" message="org.openqa.selenium.By$ByXPath cannot be cast to org.openqa.selenium.WebElement">
      <![CDATA[java.lang.ClassCastException: org.openqa.selenium.By$ByXPath cannot be cast to org.openqa.selenium.WebElement
at com.mypackage.BasePage.ActionsPerf(BasePage.java:97)
at com.mypackage.HomePage.checkReport(HomePage.java:37)
at com.mytests.LoginTestN.verifydoLoginTest(LoginTestN.java:43)
at java.util.concurrent.FutureTask.run(Unknown Source)
at java.util.concurrent.ThreadPoolExecutor.runWorker(Unknown Source)
at java.util.concurrent.ThreadPoolExecutor$Worker.run(Unknown Source)
at java.lang.Thread.run(Unknown Source)
... Removed 16 stack frames]]>
    </failure>
  </testcase> <!-- verifydoLoginTest -->
  <testcase name="verifyLogin" time="0.0" classname="com.mytests.LoginTestN">
    <ignored/>
  </testcase> <!-- verifyLogin -->
  <testcase name="verifyLoginPageHeaderTEst" time="0.0" classname="com.mytests.LoginTestN">
    <ignored/>
  </testcase> <!-- verifyLoginPageHeaderTEst -->
</testsuite> <!-- Launching On firefox -->
